<?xml version="1.0" encoding="UTF-8"?>
<!-- Generated by org.testng.reporters.JUnitReportReporter -->
<testsuite skipped="0" hostname="DESKTOP-T9V106E" name="ApiSampleTest.getApiTest" tests="1" failures="0" timestamp="12 Mar 2019 04:09:03 GMT" time="1.344" errors="0">
  <testcase name="getTestWithHeaders" time="1.344" classname="ApiSampleTest.getApiTest"/>
</testsuite> <!-- ApiSampleTest.getApiTest -->
