<?xml version="1.0" encoding="UTF-8"?>
<!-- Generated by org.testng.reporters.JUnitReportReporter -->
<testsuite hostname="DESKTOP-T9V106E" name="com.bootcamp.test.google.googlereg" tests="1" failures="0" timestamp="6 Feb 2019 02:36:09 GMT" time="9.884" errors="0">
  <testcase name="login" time="9.884" classname="com.bootcamp.test.google.googlereg"/>
</testsuite> <!-- com.bootcamp.test.google.googlereg -->
