<?xml version="1.0" encoding="UTF-8"?>
<!-- Generated by org.testng.reporters.JUnitReportReporter -->
<testsuite skipped="0" hostname="DESKTOP-T9V106E" name="test.Test1" tests="5" failures="0" timestamp="15 Mar 2019 19:24:01 GMT" time="40.320" errors="0">
  <testcase name="f1" time="5.975" classname="test.Test1"/>
  <testcase name="f2" time="9.756" classname="test.Test1"/>
  <testcase name="f3" time="8.369" classname="test.Test1"/>
  <testcase name="f4" time="8.165" classname="test.Test1"/>
  <testcase name="f5" time="8.055" classname="test.Test1"/>
</testsuite> <!-- test.Test1 -->
