<?xml version="1.0" encoding="UTF-8"?>
<!-- Generated by org.testng.reporters.JUnitReportReporter -->
<testsuite skipped="0" hostname="DESKTOP-T9V106E" name="test.Test2" tests="5" failures="0" timestamp="15 Mar 2019 19:24:01 GMT" time="40.386" errors="0">
  <testcase name="f1" time="8.072" classname="test.Test2"/>
  <testcase name="f2" time="9.160" classname="test.Test2"/>
  <testcase name="f3" time="8.663" classname="test.Test2"/>
  <testcase name="f4" time="8.635" classname="test.Test2"/>
  <testcase name="f5" time="5.856" classname="test.Test2"/>
</testsuite> <!-- test.Test2 -->
