<?xml version="1.0" encoding="UTF-8"?>
<!-- Generated by org.testng.reporters.JUnitReportReporter -->
<testsuite hostname="DESKTOP-T9V106E" name="com.testNG.Homework.Expedia" tests="1" failures="0" timestamp="10 Jan 2019 20:15:54 GMT" time="32.199" errors="0">
  <testcase name="cruise" time="32.199" classname="com.testNG.Homework.Expedia"/>
</testsuite> <!-- com.testNG.Homework.Expedia -->
