<?xml version="1.0" encoding="UTF-8"?>
<!-- Generated by org.testng.reporters.JUnitReportReporter -->
<testsuite hostname="DESKTOP-T9V106E" name="Homework.Demoaut" tests="1" failures="0" timestamp="7 Jan 2019 17:08:30 GMT" time="41.848" errors="0">
  <testcase name="f" time="41.848" classname="Homework.Demoaut"/>
</testsuite> <!-- Homework.Demoaut -->
