<?xml version="1.0" encoding="UTF-8"?>
<!-- Generated by org.testng.reporters.JUnitReportReporter -->
<testsuite skipped="0" hostname="DESKTOP-T9V106E" name="TestNGexample" tests="2" failures="0" timestamp="21 Feb 2019 21:10:50 GMT" time="0.012" errors="0">
  <testcase name="f" time="0.008" classname="TestNGexample"/>
  <testcase name="f" time="0.004" classname="TestNGexample"/>
</testsuite> <!-- TestNGexample -->
