<?xml version="1.0" encoding="UTF-8"?>
<!-- Generated by org.testng.reporters.JUnitReportReporter -->
<testsuite skipped="0" hostname="DESKTOP-T9V106E" name="com.test.pages.amazone" tests="1" failures="0" timestamp="31 Jan 2019 02:36:38 GMT" time="17.692" errors="0">
  <testcase name="f" time="17.692" classname="com.test.pages.amazone"/>
</testsuite> <!-- com.test.pages.amazone -->
