<?xml version="1.0" encoding="UTF-8"?>
<!-- Generated by org.testng.reporters.JUnitReportReporter -->
<testsuite skipped="0" hostname="DESKTOP-T9V106E" name="com.test.pages.demoaut" tests="1" failures="0" timestamp="31 Jan 2019 03:09:44 GMT" time="12.346" errors="0">
  <testcase name="f" time="12.346" classname="com.test.pages.demoaut"/>
</testsuite> <!-- com.test.pages.demoaut -->
