<?xml version="1.0" encoding="UTF-8"?>
<!-- Generated by org.testng.reporters.JUnitReportReporter -->
<testsuite skipped="0" hostname="DESKTOP-T9V106E" name="com.TestNG.example.Dependecy2" tests="3" failures="0" timestamp="12 Jan 2019 16:27:21 GMT" time="18.726" errors="0">
  <testcase name="afterMethod" time="0.001" classname="com.TestNG.example.Dependecy2"/>
  <testcase name="beforeMethod" time="11.489" classname="com.TestNG.example.Dependecy2"/>
  <testcase name="CheckHomeCruise" time="7.236" classname="com.TestNG.example.Dependecy2"/>
</testsuite> <!-- com.TestNG.example.Dependecy2 -->
