<?xml version="1.0" encoding="UTF-8"?>
<!-- Generated by org.testng.reporters.JUnitReportReporter -->
<testsuite skipped="0" hostname="DESKTOP-T9V106E" name="com.TestNG.example.NewTestNG2" tests="2" failures="0" timestamp="05 Jan 2019 18:07:19 GMT" time="0.009" errors="0">
  <testcase name="f" time="0.007" classname="com.TestNG.example.NewTestNG2"/>
  <testcase name="f1" time="0.002" classname="com.TestNG.example.NewTestNG2"/>
</testsuite> <!-- com.TestNG.example.NewTestNG2 -->
