<?xml version="1.0" encoding="UTF-8"?>
<!-- Generated by org.testng.reporters.JUnitReportReporter -->
<testsuite skipped="0" hostname="DESKTOP-T9V106E" name="com.TestNG.example.Expedia" tests="1" failures="0" timestamp="07 Jan 2019 17:48:58 GMT" time="23.045" errors="0">
  <testcase name="f" time="23.045" classname="com.TestNG.example.Expedia"/>
</testsuite> <!-- com.TestNG.example.Expedia -->
