<?xml version="1.0" encoding="UTF-8"?>
<!-- Generated by org.testng.reporters.JUnitReportReporter -->
<testsuite skipped="0" hostname="DESKTOP-T9V106E" name="com.TestNG.example.ParamExamp2" tests="1" failures="0" timestamp="16 Jan 2019 01:35:03 GMT" time="24.263" errors="0">
  <testcase name="f" time="24.263" classname="com.TestNG.example.ParamExamp2"/>
</testsuite> <!-- com.TestNG.example.ParamExamp2 -->
