<?xml version="1.0" encoding="UTF-8"?>
<!-- Generated by org.testng.reporters.JUnitReportReporter -->
<testsuite skipped="0" hostname="DESKTOP-T9V106E" name="com.TestNG.example.Prioritasation" tests="4" failures="0" timestamp="06 Jan 2019 18:04:11 GMT" time="0.015" errors="0">
  <testcase name="f2" time="0.002" classname="com.TestNG.example.Prioritasation"/>
  <testcase name="c" time="0.002" classname="com.TestNG.example.Prioritasation"/>
  <testcase name="b" time="0.009" classname="com.TestNG.example.Prioritasation"/>
  <testcase name="f4" time="0.002" classname="com.TestNG.example.Prioritasation"/>
</testsuite> <!-- com.TestNG.example.Prioritasation -->
