<?xml version="1.0" encoding="UTF-8"?>
<!-- Generated by org.testng.reporters.JUnitReportReporter -->
<testsuite skipped="0" hostname="DESKTOP-T9V106E" name="com.TestNG.example.Amazon" tests="2" failures="0" timestamp="06 Jan 2019 16:23:00 GMT" time="27.542" errors="0">
  <testcase name="register1" time="14.333" classname="com.TestNG.example.Amazon"/>
  <testcase name="register2" time="13.209" classname="com.TestNG.example.Amazon"/>
</testsuite> <!-- com.TestNG.example.Amazon -->
