<?xml version="1.0" encoding="UTF-8"?>
<!-- Generated by org.testng.reporters.JUnitReportReporter -->
<testsuite skipped="0" hostname="DESKTOP-T9V106E" name="com.TestNG.example.NewTestNG" tests="2" failures="0" timestamp="24 Jan 2019 19:05:15 GMT" time="0.006" errors="0">
  <testcase name="f" time="0.005" classname="com.TestNG.example.NewTestNG"/>
  <testcase name="f1" time="0.001" classname="com.TestNG.example.NewTestNG"/>
</testsuite> <!-- com.TestNG.example.NewTestNG -->
