<?xml version="1.0" encoding="UTF-8"?>
<!-- Generated by org.testng.reporters.JUnitReportReporter -->
<testsuite skipped="0" hostname="DESKTOP-T9V106E" name="com.TestNG.example.Dependency" tests="7" failures="0" timestamp="10 Jan 2019 03:07:01 GMT" time="0.029" errors="0">
  <testcase name="Accord" time="0.002" classname="com.TestNG.example.Dependency"/>
  <testcase name="A6" time="0.014" classname="com.TestNG.example.Dependency"/>
  <testcase name="Civic" time="0.004" classname="com.TestNG.example.Dependency"/>
  <testcase name="SCRV" time="0.001" classname="com.TestNG.example.Dependency"/>
  <testcase name="Q5" time="0.004" classname="com.TestNG.example.Dependency"/>
  <testcase name="Elantra" time="0.003" classname="com.TestNG.example.Dependency"/>
  <testcase name="X5" time="0.001" classname="com.TestNG.example.Dependency"/>
</testsuite> <!-- com.TestNG.example.Dependency -->
