<?xml version="1.0" encoding="UTF-8"?>
<!-- Generated by org.testng.reporters.JUnitReportReporter -->
<testsuite skipped="0" hostname="DESKTOP-T9V106E" name="com.TestNG.example.Groupnig" tests="5" failures="0" timestamp="10 Jan 2019 02:40:11 GMT" time="0.014" errors="0">
  <testcase name="SCRV" time="0.001" classname="com.TestNG.example.Groupnig"/>
  <testcase name="Civic" time="0.001" classname="com.TestNG.example.Groupnig"/>
  <testcase name="A6" time="0.009" classname="com.TestNG.example.Groupnig"/>
  <testcase name="Q5" time="0.002" classname="com.TestNG.example.Groupnig"/>
  <testcase name="Accord" time="0.001" classname="com.TestNG.example.Groupnig"/>
</testsuite> <!-- com.TestNG.example.Groupnig -->
