<?xml version="1.0" encoding="UTF-8"?>
<!-- Generated by org.testng.reporters.JUnitReportReporter -->
<testsuite skipped="0" hostname="DESKTOP-T9V106E" name="com.bootcamp.test.ebay.LoginErrorMsg" tests="1" failures="0" timestamp="18 Feb 2019 03:41:25 GMT" time="18.288" errors="0">
  <testcase name="CheckErrMsg" time="18.288" classname="com.bootcamp.test.ebay.LoginErrorMsg"/>
</testsuite> <!-- com.bootcamp.test.ebay.LoginErrorMsg -->
