<?xml version="1.0" encoding="UTF-8"?>
<!-- Generated by org.testng.reporters.JUnitReportReporter -->
<testsuite skipped="0" hostname="DESKTOP-T9V106E" name="com.amazon.salesapplication.regression" tests="1" failures="0" timestamp="16 Apr 2019 04:10:14 GMT" time="24.766" errors="0">
  <testcase name="f" time="24.766" classname="com.amazon.salesapplication.regression"/>
</testsuite> <!-- com.amazon.salesapplication.regression -->
