<?xml version="1.0" encoding="UTF-8"?>
<!-- Generated by org.testng.reporters.JUnitReportReporter -->
<testsuite hostname="DESKTOP-T9V106E" name="com.bootcamp.test.ebay.RegisterErrorMsg" tests="2" failures="0" timestamp="5 Feb 2019 04:52:44 GMT" time="28.837" errors="0">
  <testcase name="CheckErrMsg" time="14.436" classname="com.bootcamp.test.ebay.RegisterErrorMsg"/>
  <testcase name="CheckErrMsg" time="14.401" classname="com.bootcamp.test.ebay.RegisterErrorMsg"/>
</testsuite> <!-- com.bootcamp.test.ebay.RegisterErrorMsg -->
