<?xml version="1.0" encoding="UTF-8"?>
<!-- Generated by org.testng.reporters.JUnitReportReporter -->
<testsuite skipped="0" hostname="DESKTOP-T9V106E" name="stepDefinition.NewTest" tests="1" failures="0" timestamp="17 Apr 2019 17:48:29 GMT" time="0.018" errors="0">
  <testcase name="f" time="0.018" classname="stepDefinition.NewTest"/>
</testsuite> <!-- stepDefinition.NewTest -->
