<?xml version="1.0" encoding="UTF-8"?>
<!-- Generated by org.testng.reporters.JUnitReportReporter -->
<testsuite hostname="DESKTOP-T9V106E" name="com.bootcamp2018.test.google.googlereg" tests="1" failures="0" timestamp="6 Feb 2019 04:18:41 GMT" time="17.300" errors="0">
  <testcase name="login" time="17.300" classname="com.bootcamp2018.test.google.googlereg"/>
</testsuite> <!-- com.bootcamp2018.test.google.googlereg -->
