<?xml version="1.0" encoding="UTF-8"?>
<!-- Generated by org.testng.reporters.JUnitReportReporter -->
<testsuite skipped="0" hostname="DESKTOP-T9V106E" name="com.crm.qa.testCases.HomePageLinks" tests="1" failures="0" timestamp="16 Mar 2019 13:49:34 GMT" time="202.756" errors="0">
  <testcase name="printLinks" time="202.756" classname="com.crm.qa.testCases.HomePageLinks"/>
</testsuite> <!-- com.crm.qa.testCases.HomePageLinks -->
