<?xml version="1.0" encoding="UTF-8"?>
<!-- Generated by org.testng.reporters.JUnitReportReporter -->
<testsuite skipped="0" hostname="DESKTOP-T9V106E" name="com.crm.qa.testCases.LoginPageTest" tests="3" failures="0" timestamp="16 Mar 2019 03:25:55 GMT" time="38.571" errors="0">
  <testcase name="SignInPageValidation" time="12.274" classname="com.crm.qa.testCases.LoginPageTest"/>
  <testcase name="LogoTest" time="12.251" classname="com.crm.qa.testCases.LoginPageTest"/>
  <testcase name="SignIn" time="14.046" classname="com.crm.qa.testCases.LoginPageTest"/>
</testsuite> <!-- com.crm.qa.testCases.LoginPageTest -->
