<?xml version="1.0" encoding="UTF-8"?>
<!-- Generated by org.testng.reporters.JUnitReportReporter -->
<testsuite skipped="0" hostname="DESKTOP-T9V106E" name="MySQL.TestMySQLAirat" tests="1" failures="0" timestamp="03 Apr 2019 01:43:44 GMT" time="0.960" errors="0">
  <testcase name="testDB" time="0.960" classname="MySQL.TestMySQLAirat"/>
</testsuite> <!-- MySQL.TestMySQLAirat -->
