<?xml version="1.0" encoding="UTF-8"?>
<!-- Generated by org.testng.reporters.JUnitReportReporter -->
<testsuite skipped="0" hostname="DESKTOP-T9V106E" name="XpathCssselector.regression" tests="1" failures="0" timestamp="29 Jan 2019 20:16:52 GMT" time="16.844" errors="0">
  <testcase name="f" time="16.844" classname="XpathCssselector.regression"/>
</testsuite> <!-- XpathCssselector.regression -->
