<?xml version="1.0" encoding="UTF-8"?>
<!-- Generated by org.testng.reporters.JUnitReportReporter -->
<testsuite skipped="0" hostname="DESKTOP-T9V106E" name="new_tab.New_Tab" tests="1" failures="0" timestamp="12 Mar 2019 23:43:38 GMT" time="13.299" errors="0">
  <testcase name="openLinkInNewTab" time="13.299" classname="new_tab.New_Tab"/>
</testsuite> <!-- new_tab.New_Tab -->
